# JRE version: Java(TM) SE Runtime Environment (19.0+36) (build 19+36-2238)
# Java VM: Java HotSpot(TM) 64-Bit Server VM (19+36-2238, mixed mode, sharing, tiered, compressed oops, compressed class ptrs, g1 gc, windows-amd64)
GC Precious Log:
 CardTable entry size: 512
 Card Set container configuration: InlinePtr #cards 4 size 8 Array Of Cards #cards 8 size 32 Howl #buckets 8 coarsen threshold 3686 Howl Bitmap #cards 512 size 80 coarsen threshold 460 Card regions per heap region 1 cards per card region 4096
 CPUs: 12 total, 12 available
 Memory: 14181M
 Large Page Support: Disabled
 NUMA Support: Disabled
 Compressed Oops: Enabled (Zero based)
 Heap Region Size: 2M
 Heap Min Capacity: 8M
 Heap Initial Capacity: 222M
 Heap Max Capacity: 3546M
 Pre-touch: Disabled
 Parallel Workers: 10
 Concurrent Workers: 3
 Concurrent Refinement Workers: 10
 Periodic GC: Disabled
Heap:
 garbage-first heap   total 710656K, used 452168K [0x0000000722600000, 0x0000000800000000)
  region size 2048K, 10 young (20480K), 10 survivors (20480K)
 Metaspace       used 398K, committed 576K, reserved 1114112K
  class space    used 20K, committed 128K, reserved 1048576K
GC Heap History (20 events):
Event: 6.914 GC heap after
{Heap after GC invocations=11 (full 0):
 garbage-first heap   total 462848K, used 202213K [0x0000000722600000, 0x0000000800000000)
  region size 2048K, 12 young (24576K), 12 survivors (24576K)
 Metaspace       used 398K, committed 576K, reserved 1114112K
  class space    used 20K, committed 128K, reserved 1048576K
}
Event: 7.715 GC heap before
{Heap before GC invocations=11 (full 0):
 garbage-first heap   total 462848K, used 364005K [0x0000000722600000, 0x0000000800000000)
  region size 2048K, 85 young (174080K), 12 survivors (24576K)
 Metaspace       used 398K, committed 576K, reserved 1114112K
  class space    used 20K, committed 128K, reserved 1048576K
}
Event: 7.779 GC heap after
{Heap after GC invocations=12 (full 0):
 garbage-first heap   total 462848K, used 245583K [0x0000000722600000, 0x0000000800000000)
  region size 2048K, 11 young (22528K), 11 survivors (22528K)
 Metaspace       used 398K, committed 576K, reserved 1114112K
  class space    used 20K, committed 128K, reserved 1048576K
}
Event: 8.778 GC heap before
{Heap before GC invocations=12 (full 0):
 garbage-first heap   total 462848K, used 364367K [0x0000000722600000, 0x0000000800000000)
  region size 2048K, 69 young (141312K), 11 survivors (22528K)
 Metaspace       used 398K, committed 576K, reserved 1114112K
  class space    used 20K, committed 128K, reserved 1048576K
}
Event: 8.808 GC heap after
{Heap after GC invocations=13 (full 0):
 garbage-first heap   total 708608K, used 270097K [0x0000000722600000, 0x0000000800000000)
  region size 2048K, 9 young (18432K), 9 survivors (18432K)
 Metaspace       used 398K, committed 576K, reserved 1114112K
  class space    used 20K, committed 128K, reserved 1048576K
}
Event: 10.248 GC heap before
{Heap before GC invocations=14 (full 0):
 garbage-first heap   total 708608K, used 474897K [0x0000000722600000, 0x0000000800000000)
  region size 2048K, 132 young (270336K), 9 survivors (18432K)
 Metaspace       used 398K, committed 576K, reserved 1114112K
  class space    used 20K, committed 128K, reserved 1048576K
}
Event: 10.318 GC heap after
{Heap after GC invocations=15 (full 0):
 garbage-first heap   total 708608K, used 271385K [0x0000000722600000, 0x0000000800000000)
  region size 2048K, 17 young (34816K), 17 survivors (34816K)
 Metaspace       used 398K, committed 576K, reserved 1114112K
  class space    used 20K, committed 128K, reserved 1048576K
}
Event: 10.329 GC heap before
{Heap before GC invocations=15 (full 0):
 garbage-first heap   total 708608K, used 273433K [0x0000000722600000, 0x0000000800000000)
  region size 2048K, 18 young (36864K), 17 survivors (34816K)
 Metaspace       used 398K, committed 576K, reserved 1114112K
  class space    used 20K, committed 128K, reserved 1048576K
}
Event: 10.354 GC heap after
{Heap after GC invocations=16 (full 0):
 garbage-first heap   total 708608K, used 271232K [0x0000000722600000, 0x0000000800000000)
  region size 2048K, 1 young (2048K), 1 survivors (2048K)
 Metaspace       used 398K, committed 576K, reserved 1114112K
  class space    used 20K, committed 128K, reserved 1048576K
}
Event: 11.815 GC heap before
{Heap before GC invocations=16 (full 0):
 garbage-first heap   total 708608K, used 514944K [0x0000000722600000, 0x0000000800000000)
  region size 2048K, 120 young (245760K), 1 survivors (2048K)
 Metaspace       used 398K, committed 576K, reserved 1114112K
  class space    used 20K, committed 128K, reserved 1048576K
}
Event: 11.855 GC heap after
{Heap after GC invocations=17 (full 0):
 garbage-first heap   total 708608K, used 316046K [0x0000000722600000, 0x0000000800000000)
  region size 2048K, 15 young (30720K), 15 survivors (30720K)
 Metaspace       used 398K, committed 576K, reserved 1114112K
  class space    used 20K, committed 128K, reserved 1048576K
}
Event: 13.469 GC heap before
{Heap before GC invocations=17 (full 0):
 garbage-first heap   total 708608K, used 535182K [0x0000000722600000, 0x0000000800000000)
  region size 2048K, 122 young (249856K), 15 survivors (30720K)
 Metaspace       used 398K, committed 576K, reserved 1114112K
  class space    used 20K, committed 128K, reserved 1048576K
}
Event: 13.514 GC heap after
{Heap after GC invocations=18 (full 0):
 garbage-first heap   total 708608K, used 357096K [0x0000000722600000, 0x0000000800000000)
  region size 2048K, 16 young (32768K), 16 survivors (32768K)
 Metaspace       used 398K, committed 576K, reserved 1114112K
  class space    used 20K, committed 128K, reserved 1048576K
}
Event: 14.070 GC heap before
{Heap before GC invocations=18 (full 0):
 garbage-first heap   total 708608K, used 441064K [0x0000000722600000, 0x0000000800000000)
  region size 2048K, 58 young (118784K), 16 survivors (32768K)
 Metaspace       used 398K, committed 576K, reserved 1114112K
  class space    used 20K, committed 128K, reserved 1048576K
}
Event: 14.098 GC heap after
{Heap after GC invocations=19 (full 0):
 garbage-first heap   total 708608K, used 377982K [0x0000000722600000, 0x0000000800000000)
  region size 2048K, 9 young (18432K), 9 survivors (18432K)
 Metaspace       used 398K, committed 576K, reserved 1114112K
  class space    used 20K, committed 128K, reserved 1048576K
}
Event: 15.695 GC heap before
{Heap before GC invocations=20 (full 0):
 garbage-first heap   total 710656K, used 572542K [0x0000000722600000, 0x0000000800000000)
  region size 2048K, 98 young (200704K), 9 survivors (18432K)
 Metaspace       used 398K, committed 576K, reserved 1114112K
  class space    used 20K, committed 128K, reserved 1048576K
}
Event: 15.751 GC heap after
{Heap after GC invocations=21 (full 0):
 garbage-first heap   total 710656K, used 423198K [0x0000000722600000, 0x0000000800000000)
  region size 2048K, 13 young (26624K), 13 survivors (26624K)
 Metaspace       used 398K, committed 576K, reserved 1114112K
  class space    used 20K, committed 128K, reserved 1048576K
}
Event: 15.834 GC heap before
{Heap before GC invocations=21 (full 0):
 garbage-first heap   total 710656K, used 431390K [0x0000000722600000, 0x0000000800000000)
  region size 2048K, 17 young (34816K), 13 survivors (26624K)
 Metaspace       used 398K, committed 576K, reserved 1114112K
  class space    used 20K, committed 128K, reserved 1048576K
}
Event: 15.850 GC heap after
{Heap after GC invocations=22 (full 0):
 garbage-first heap   total 710656K, used 422369K [0x0000000722600000, 0x0000000800000000)
  region size 2048K, 2 young (4096K), 2 survivors (4096K)
 Metaspace       used 398K, committed 576K, reserved 1114112K
  class space    used 20K, committed 128K, reserved 1048576K
}
Event: 16.928 GC heap before
{Heap before GC invocations=22 (full 0):
 garbage-first heap   total 710656K, used 573921K [0x0000000722600000, 0x0000000800000000)
  region size 2048K, 76 young (155648K), 2 survivors (4096K)
 Metaspace       used 398K, committed 576K, reserved 1114112K
  class space    used 20K, committed 128K, reserved 1048576K
}

