# JRE version: Java(TM) SE Runtime Environment (19.0+36) (build 19+36-2238)
# Java VM: Java HotSpot(TM) 64-Bit Server VM (19+36-2238, mixed mode, sharing, tiered, compressed oops, compressed class ptrs, g1 gc, windows-amd64)
GC Precious Log:
 CardTable entry size: 512
 Card Set container configuration: InlinePtr #cards 4 size 8 Array Of Cards #cards 8 size 32 Howl #buckets 8 coarsen threshold 3686 Howl Bitmap #cards 512 size 80 coarsen threshold 460 Card regions per heap region 1 cards per card region 4096
 CPUs: 12 total, 12 available
 Memory: 14181M
 Large Page Support: Disabled
 NUMA Support: Disabled
 Compressed Oops: Enabled (Zero based)
 Heap Region Size: 2M
 Heap Min Capacity: 8M
 Heap Initial Capacity: 222M
 Heap Max Capacity: 3546M
 Pre-touch: Disabled
 Parallel Workers: 10
 Concurrent Workers: 3
 Concurrent Refinement Workers: 10
 Periodic GC: Disabled
Heap:
 garbage-first heap   total 765952K, used 484475K [0x0000000722600000, 0x0000000800000000)
  region size 2048K, 11 young (22528K), 11 survivors (22528K)
 Metaspace       used 412K, committed 640K, reserved 1114112K
  class space    used 20K, committed 128K, reserved 1048576K
GC Heap History (20 events):
Event: 4.809 GC heap after
{Heap after GC invocations=9 (full 0):
 garbage-first heap   total 641024K, used 192052K [0x0000000722600000, 0x0000000800000000)
  region size 2048K, 10 young (20480K), 10 survivors (20480K)
 Metaspace       used 412K, committed 640K, reserved 1114112K
  class space    used 20K, committed 128K, reserved 1048576K
}
Event: 6.347 GC heap before
{Heap before GC invocations=9 (full 0):
 garbage-first heap   total 641024K, used 435764K [0x0000000722600000, 0x0000000800000000)
  region size 2048K, 129 young (264192K), 10 survivors (20480K)
 Metaspace       used 412K, committed 640K, reserved 1114112K
  class space    used 20K, committed 128K, reserved 1048576K
}
Event: 6.397 GC heap after
{Heap after GC invocations=10 (full 0):
 garbage-first heap   total 641024K, used 238627K [0x0000000722600000, 0x0000000800000000)
  region size 2048K, 17 young (34816K), 17 survivors (34816K)
 Metaspace       used 412K, committed 640K, reserved 1114112K
  class space    used 20K, committed 128K, reserved 1048576K
}
Event: 7.614 GC heap before
{Heap before GC invocations=10 (full 0):
 garbage-first heap   total 641024K, used 472099K [0x0000000722600000, 0x0000000800000000)
  region size 2048K, 123 young (251904K), 17 survivors (34816K)
 Metaspace       used 412K, committed 640K, reserved 1114112K
  class space    used 20K, committed 128K, reserved 1048576K
}
Event: 7.673 GC heap after
{Heap after GC invocations=11 (full 0):
 garbage-first heap   total 641024K, used 296644K [0x0000000722600000, 0x0000000800000000)
  region size 2048K, 16 young (32768K), 16 survivors (32768K)
 Metaspace       used 412K, committed 640K, reserved 1114112K
  class space    used 20K, committed 128K, reserved 1048576K
}
Event: 8.873 GC heap before
{Heap before GC invocations=11 (full 0):
 garbage-first heap   total 641024K, used 485060K [0x0000000722600000, 0x0000000800000000)
  region size 2048K, 108 young (221184K), 16 survivors (32768K)
 Metaspace       used 412K, committed 640K, reserved 1114112K
  class space    used 20K, committed 128K, reserved 1048576K
}
Event: 8.920 GC heap after
{Heap after GC invocations=12 (full 0):
 garbage-first heap   total 641024K, used 335316K [0x0000000722600000, 0x0000000800000000)
  region size 2048K, 14 young (28672K), 14 survivors (28672K)
 Metaspace       used 412K, committed 640K, reserved 1114112K
  class space    used 20K, committed 128K, reserved 1048576K
}
Event: 10.210 GC heap before
{Heap before GC invocations=12 (full 0):
 garbage-first heap   total 641024K, used 503252K [0x0000000722600000, 0x0000000800000000)
  region size 2048K, 96 young (196608K), 14 survivors (28672K)
 Metaspace       used 412K, committed 640K, reserved 1114112K
  class space    used 20K, committed 128K, reserved 1048576K
}
Event: 10.246 GC heap after
{Heap after GC invocations=13 (full 0):
 garbage-first heap   total 761856K, used 369409K [0x0000000722600000, 0x0000000800000000)
  region size 2048K, 12 young (24576K), 12 survivors (24576K)
 Metaspace       used 412K, committed 640K, reserved 1114112K
  class space    used 20K, committed 128K, reserved 1048576K
}
Event: 11.872 GC heap before
{Heap before GC invocations=14 (full 0):
 garbage-first heap   total 761856K, used 574209K [0x0000000722600000, 0x0000000800000000)
  region size 2048K, 118 young (241664K), 12 survivors (24576K)
 Metaspace       used 412K, committed 640K, reserved 1114112K
  class space    used 20K, committed 128K, reserved 1048576K
}
Event: 11.933 GC heap after
{Heap after GC invocations=15 (full 0):
 garbage-first heap   total 761856K, used 399360K [0x0000000722600000, 0x0000000800000000)
  region size 2048K, 15 young (30720K), 15 survivors (30720K)
 Metaspace       used 412K, committed 640K, reserved 1114112K
  class space    used 20K, committed 128K, reserved 1048576K
}
Event: 11.974 GC heap before
{Heap before GC invocations=15 (full 0):
 garbage-first heap   total 761856K, used 405504K [0x0000000722600000, 0x0000000800000000)
  region size 2048K, 18 young (36864K), 15 survivors (30720K)
 Metaspace       used 412K, committed 640K, reserved 1114112K
  class space    used 20K, committed 128K, reserved 1048576K
}
Event: 11.995 GC heap after
{Heap after GC invocations=16 (full 0):
 garbage-first heap   total 761856K, used 398562K [0x0000000722600000, 0x0000000800000000)
  region size 2048K, 2 young (4096K), 2 survivors (4096K)
 Metaspace       used 412K, committed 640K, reserved 1114112K
  class space    used 20K, committed 128K, reserved 1048576K
}
Event: 13.314 GC heap before
{Heap before GC invocations=16 (full 0):
 garbage-first heap   total 761856K, used 599266K [0x0000000722600000, 0x0000000800000000)
  region size 2048K, 100 young (204800K), 2 survivors (4096K)
 Metaspace       used 412K, committed 640K, reserved 1114112K
  class space    used 20K, committed 128K, reserved 1048576K
}
Event: 13.340 GC heap after
{Heap after GC invocations=17 (full 0):
 garbage-first heap   total 761856K, used 436128K [0x0000000722600000, 0x0000000800000000)
  region size 2048K, 13 young (26624K), 13 survivors (26624K)
 Metaspace       used 412K, committed 640K, reserved 1114112K
  class space    used 20K, committed 128K, reserved 1048576K
}
Event: 14.797 GC heap before
{Heap before GC invocations=18 (full 0):
 garbage-first heap   total 765952K, used 595872K [0x0000000722600000, 0x0000000800000000)
  region size 2048K, 99 young (202752K), 13 survivors (26624K)
 Metaspace       used 412K, committed 640K, reserved 1114112K
  class space    used 20K, committed 128K, reserved 1048576K
}
Event: 14.834 GC heap after
{Heap after GC invocations=19 (full 0):
 garbage-first heap   total 765952K, used 453566K [0x0000000722600000, 0x0000000800000000)
  region size 2048K, 13 young (26624K), 13 survivors (26624K)
 Metaspace       used 412K, committed 640K, reserved 1114112K
  class space    used 20K, committed 128K, reserved 1048576K
}
Event: 14.961 GC heap before
{Heap before GC invocations=19 (full 0):
 garbage-first heap   total 765952K, used 463806K [0x0000000722600000, 0x0000000800000000)
  region size 2048K, 18 young (36864K), 13 survivors (26624K)
 Metaspace       used 412K, committed 640K, reserved 1114112K
  class space    used 20K, committed 128K, reserved 1048576K
}
Event: 14.977 GC heap after
{Heap after GC invocations=20 (full 0):
 garbage-first heap   total 765952K, used 455334K [0x0000000722600000, 0x0000000800000000)
  region size 2048K, 3 young (6144K), 3 survivors (6144K)
 Metaspace       used 412K, committed 640K, reserved 1114112K
  class space    used 20K, committed 128K, reserved 1048576K
}
Event: 16.162 GC heap before
{Heap before GC invocations=20 (full 0):
 garbage-first heap   total 765952K, used 619174K [0x0000000722600000, 0x0000000800000000)
  region size 2048K, 83 young (169984K), 3 survivors (6144K)
 Metaspace       used 412K, committed 640K, reserved 1114112K
  class space    used 20K, committed 128K, reserved 1048576K
}

