# JRE version: Java(TM) SE Runtime Environment (19.0+36) (build 19+36-2238)
# Java VM: Java HotSpot(TM) 64-Bit Server VM (19+36-2238, mixed mode, sharing, tiered, compressed oops, compressed class ptrs, g1 gc, windows-amd64)
GC Precious Log:
 CardTable entry size: 512
 Card Set container configuration: InlinePtr #cards 4 size 8 Array Of Cards #cards 8 size 32 Howl #buckets 8 coarsen threshold 3686 Howl Bitmap #cards 512 size 80 coarsen threshold 460 Card regions per heap region 1 cards per card region 4096
 CPUs: 12 total, 12 available
 Memory: 14181M
 Large Page Support: Disabled
 NUMA Support: Disabled
 Compressed Oops: Enabled (Zero based)
 Heap Region Size: 2M
 Heap Min Capacity: 8M
 Heap Initial Capacity: 222M
 Heap Max Capacity: 3546M
 Pre-touch: Disabled
 Parallel Workers: 10
 Concurrent Workers: 3
 Concurrent Refinement Workers: 10
 Periodic GC: Disabled
Heap:
 garbage-first heap   total 1196032K, used 293386K [0x0000000722600000, 0x0000000800000000)
  region size 2048K, 3 young (6144K), 3 survivors (6144K)
 Metaspace       used 493K, committed 704K, reserved 1114112K
  class space    used 21K, committed 128K, reserved 1048576K
GC Heap History (20 events):
Event: 49.315 GC heap after
{Heap after GC invocations=23 (full 0):
 garbage-first heap   total 1058816K, used 395903K [0x0000000722600000, 0x0000000800000000)
  region size 2048K, 1 young (2048K), 1 survivors (2048K)
 Metaspace       used 468K, committed 704K, reserved 1114112K
  class space    used 20K, committed 128K, reserved 1048576K
}
Event: 51.590 GC heap before
{Heap before GC invocations=23 (full 0):
 garbage-first heap   total 1058816K, used 754303K [0x0000000722600000, 0x0000000800000000)
  region size 2048K, 176 young (360448K), 1 survivors (2048K)
 Metaspace       used 468K, committed 704K, reserved 1114112K
  class space    used 20K, committed 128K, reserved 1048576K
}
Event: 51.654 GC heap after
{Heap after GC invocations=24 (full 0):
 garbage-first heap   total 1058816K, used 463487K [0x0000000722600000, 0x0000000800000000)
  region size 2048K, 22 young (45056K), 22 survivors (45056K)
 Metaspace       used 468K, committed 704K, reserved 1114112K
  class space    used 20K, committed 128K, reserved 1048576K
}
Event: 52.199 GC heap before
{Heap before GC invocations=24 (full 0):
 garbage-first heap   total 1058816K, used 832127K [0x0000000722600000, 0x0000000800000000)
  region size 2048K, 181 young (370688K), 22 survivors (45056K)
 Metaspace       used 468K, committed 704K, reserved 1114112K
  class space    used 20K, committed 128K, reserved 1048576K
}
Event: 52.240 GC heap after
{Heap after GC invocations=25 (full 0):
 garbage-first heap   total 1058816K, used 495398K [0x0000000722600000, 0x0000000800000000)
  region size 2048K, 5 young (10240K), 5 survivors (10240K)
 Metaspace       used 468K, committed 704K, reserved 1114112K
  class space    used 20K, committed 128K, reserved 1048576K
}
Event: 52.367 GC heap before
{Heap before GC invocations=25 (full 0):
 garbage-first heap   total 1058816K, used 665382K [0x0000000722600000, 0x0000000800000000)
  region size 2048K, 89 young (182272K), 5 survivors (10240K)
 Metaspace       used 468K, committed 704K, reserved 1114112K
  class space    used 20K, committed 128K, reserved 1048576K
}
Event: 52.373 GC heap after
{Heap after GC invocations=26 (full 0):
 garbage-first heap   total 1058816K, used 494530K [0x0000000722600000, 0x0000000800000000)
  region size 2048K, 5 young (10240K), 5 survivors (10240K)
 Metaspace       used 468K, committed 704K, reserved 1114112K
  class space    used 20K, committed 128K, reserved 1048576K
}
Event: 52.653 GC heap before
{Heap before GC invocations=26 (full 0):
 garbage-first heap   total 1058816K, used 879554K [0x0000000722600000, 0x0000000800000000)
  region size 2048K, 174 young (356352K), 5 survivors (10240K)
 Metaspace       used 468K, committed 704K, reserved 1114112K
  class space    used 20K, committed 128K, reserved 1048576K
}
Event: 52.659 GC heap after
{Heap after GC invocations=27 (full 0):
 garbage-first heap   total 1058816K, used 512364K [0x0000000722600000, 0x0000000800000000)
  region size 2048K, 4 young (8192K), 4 survivors (8192K)
 Metaspace       used 468K, committed 704K, reserved 1114112K
  class space    used 20K, committed 128K, reserved 1048576K
}
Event: 160.946 GC heap before
{Heap before GC invocations=28 (full 0):
 garbage-first heap   total 1196032K, used 1016172K [0x0000000722600000, 0x0000000800000000)
  region size 2048K, 175 young (358400K), 4 survivors (8192K)
 Metaspace       used 493K, committed 704K, reserved 1114112K
  class space    used 21K, committed 128K, reserved 1048576K
}
Event: 160.954 GC heap after
{Heap after GC invocations=29 (full 0):
 garbage-first heap   total 1196032K, used 456979K [0x0000000722600000, 0x0000000800000000)
  region size 2048K, 4 young (8192K), 4 survivors (8192K)
 Metaspace       used 493K, committed 704K, reserved 1114112K
  class space    used 21K, committed 128K, reserved 1048576K
}
Event: 161.168 GC heap before
{Heap before GC invocations=29 (full 0):
 garbage-first heap   total 1196032K, used 508179K [0x0000000722600000, 0x0000000800000000)
  region size 2048K, 29 young (59392K), 4 survivors (8192K)
 Metaspace       used 493K, committed 704K, reserved 1114112K
  class space    used 21K, committed 128K, reserved 1048576K
}
Event: 161.179 GC heap after
{Heap after GC invocations=30 (full 0):
 garbage-first heap   total 1196032K, used 458693K [0x0000000722600000, 0x0000000800000000)
  region size 2048K, 4 young (8192K), 4 survivors (8192K)
 Metaspace       used 493K, committed 704K, reserved 1114112K
  class space    used 21K, committed 128K, reserved 1048576K
}
Event: 163.618 GC heap before
{Heap before GC invocations=30 (full 0):
 garbage-first heap   total 1196032K, used 956357K [0x0000000722600000, 0x0000000800000000)
  region size 2048K, 247 young (505856K), 4 survivors (8192K)
 Metaspace       used 493K, committed 704K, reserved 1114112K
  class space    used 21K, committed 128K, reserved 1048576K
}
Event: 163.708 GC heap after
{Heap after GC invocations=31 (full 0):
 garbage-first heap   total 1196032K, used 547071K [0x0000000722600000, 0x0000000800000000)
  region size 2048K, 31 young (63488K), 31 survivors (63488K)
 Metaspace       used 493K, committed 704K, reserved 1114112K
  class space    used 21K, committed 128K, reserved 1048576K
}
Event: 165.764 GC heap before
{Heap before GC invocations=31 (full 0):
 garbage-first heap   total 1196032K, used 948479K [0x0000000722600000, 0x0000000800000000)
  region size 2048K, 227 young (464896K), 31 survivors (63488K)
 Metaspace       used 493K, committed 704K, reserved 1114112K
  class space    used 21K, committed 128K, reserved 1048576K
}
Event: 165.876 GC heap after
{Heap after GC invocations=32 (full 0):
 garbage-first heap   total 1196032K, used 622090K [0x0000000722600000, 0x0000000800000000)
  region size 2048K, 29 young (59392K), 29 survivors (59392K)
 Metaspace       used 493K, committed 704K, reserved 1114112K
  class space    used 21K, committed 128K, reserved 1048576K
}
Event: 167.858 GC heap before
{Heap before GC invocations=33 (full 0):
 garbage-first heap   total 772096K, used 581130K [0x0000000722600000, 0x0000000800000000)
  region size 2048K, 207 young (423936K), 29 survivors (59392K)
 Metaspace       used 493K, committed 704K, reserved 1114112K
  class space    used 21K, committed 128K, reserved 1048576K
}
Event: 167.952 GC heap after
{Heap after GC invocations=34 (full 0):
 garbage-first heap   total 772096K, used 287242K [0x0000000722600000, 0x0000000800000000)
  region size 2048K, 26 young (53248K), 26 survivors (53248K)
 Metaspace       used 493K, committed 704K, reserved 1114112K
  class space    used 21K, committed 128K, reserved 1048576K
}
Event: 167.964 GC heap before
{Heap before GC invocations=34 (full 0):
 garbage-first heap   total 772096K, used 289290K [0x0000000722600000, 0x0000000800000000)
  region size 2048K, 27 young (55296K), 26 survivors (53248K)
 Metaspace       used 493K, committed 704K, reserved 1114112K
  class space    used 21K, committed 128K, reserved 1048576K
}

